<?xml version="1.0" encoding="UTF-8"?>
<!-- Generated by org.testng.reporters.JUnitXMLReporter -->
<testsuite hostname="DESKTOP-JERBR0I" ignored="0" name="API Testing" tests="8" failures="0" timestamp="2021-01-17T00:14:05 GMT" time="2.442" errors="0">
  <testcase name="get_PromotionAPI_StatusCode" time="0.01" classname="com.testcases.Popcorn"/>
  <testcase name="promotionAPIResponseValidation" time="0.001" classname="com.testcases.Popcorn"/>
  <testcase name="validate_Image" time="0.001" classname="com.testcases.Popcorn"/>
  <testcase name="validate_LocalisedText" time="0.0" classname="com.testcases.Popcorn"/>
  <testcase name="validate_PromoArea" time="0.001" classname="com.testcases.Popcorn"/>
  <testcase name="validate_Properties" time="0.002" classname="com.testcases.Popcorn"/>
  <testcase name="invalidAPIKeyValidation" time="0.159" classname="com.testcases.Popcorn"/>
  <testcase name="ResponseBodyDataValidation" time="0.239" classname="com.testcases.Popcorn"/>
</testsuite> <!-- API Testing -->
